<?xml version="1.0" encoding="UTF-8"?>
<testng-results ignored="1" total="5" passed="2" failed="2" skipped="0">
  <reporter-output>
  </reporter-output>
  <suite started-at="2024-02-21T20:01:51 UTC" name="UI Suite" finished-at="2024-02-21T20:03:16 UTC" duration-ms="84822">
    <groups>
    </groups>
    <test started-at="2024-02-21T20:01:51 UTC" name="UI Test" finished-at="2024-02-21T20:03:16 UTC" duration-ms="84822">
      <class name="com.github.dtitar.teamcity.ui.CreateNewBuildTypeTest">
        <test-method is-config="true" signature="beforeTest()[pri:0, instance:com.github.dtitar.teamcity.ui.CreateNewBuildTypeTest@25a73de1]" started-at="2024-02-21T20:02:57 UTC" name="beforeTest" finished-at="2024-02-21T20:02:57 UTC" duration-ms="1" status="PASS">
          <reporter-output>
          </reporter-output>
        </test-method> <!-- beforeTest -->
        <test-method is-config="true" signature="beforeUiTest()[pri:0, instance:com.github.dtitar.teamcity.ui.CreateNewBuildTypeTest@25a73de1]" started-at="2024-02-21T20:02:57 UTC" name="beforeUiTest" finished-at="2024-02-21T20:02:57 UTC" duration-ms="1" status="PASS">
          <reporter-output>
          </reporter-output>
        </test-method> <!-- beforeUiTest -->
        <test-method signature="userShouldBeAbleToCreateBuildTypeByUrl()[pri:0, instance:com.github.dtitar.teamcity.ui.CreateNewBuildTypeTest@25a73de1]" started-at="2024-02-21T20:02:57 UTC" name="userShouldBeAbleToCreateBuildTypeByUrl" finished-at="2024-02-21T20:03:09 UTC" duration-ms="12661" status="PASS">
          <reporter-output>
          </reporter-output>
        </test-method> <!-- userShouldBeAbleToCreateBuildTypeByUrl -->
        <test-method is-config="true" signature="afterTest()[pri:0, instance:com.github.dtitar.teamcity.ui.CreateNewBuildTypeTest@25a73de1]" started-at="2024-02-21T20:03:09 UTC" name="afterTest" finished-at="2024-02-21T20:03:09 UTC" duration-ms="180" status="PASS">
          <reporter-output>
          </reporter-output>
        </test-method> <!-- afterTest -->
        <test-method is-config="true" signature="beforeTest()[pri:0, instance:com.github.dtitar.teamcity.ui.CreateNewBuildTypeTest@25a73de1]" started-at="2024-02-21T20:03:09 UTC" name="beforeTest" finished-at="2024-02-21T20:03:09 UTC" duration-ms="1" status="PASS">
          <reporter-output>
          </reporter-output>
        </test-method> <!-- beforeTest -->
        <test-method signature="userShouldBeAbleToCreateBuildTypeManually()[pri:0, instance:com.github.dtitar.teamcity.ui.CreateNewBuildTypeTest@25a73de1]" started-at="2024-02-21T20:03:09 UTC" name="userShouldBeAbleToCreateBuildTypeManually" finished-at="2024-02-21T20:03:16 UTC" duration-ms="6292" status="PASS">
          <reporter-output>
          </reporter-output>
        </test-method> <!-- userShouldBeAbleToCreateBuildTypeManually -->
        <test-method is-config="true" signature="beforeUiTest()[pri:0, instance:com.github.dtitar.teamcity.ui.CreateNewBuildTypeTest@25a73de1]" started-at="2024-02-21T20:03:09 UTC" name="beforeUiTest" finished-at="2024-02-21T20:03:09 UTC" duration-ms="0" status="PASS">
          <reporter-output>
          </reporter-output>
        </test-method> <!-- beforeUiTest -->
        <test-method is-config="true" signature="afterTest()[pri:0, instance:com.github.dtitar.teamcity.ui.CreateNewBuildTypeTest@25a73de1]" started-at="2024-02-21T20:03:16 UTC" name="afterTest" finished-at="2024-02-21T20:03:16 UTC" duration-ms="389" status="PASS">
          <reporter-output>
          </reporter-output>
        </test-method> <!-- afterTest -->
      </class> <!-- com.github.dtitar.teamcity.ui.CreateNewBuildTypeTest -->
      <class name="com.github.dtitar.teamcity.ui.CreateNewProjectTest">
        <test-method is-config="true" signature="setupUiTests()[pri:0, instance:com.github.dtitar.teamcity.ui.CreateNewProjectTest@6dd91637]" started-at="2024-02-21T20:01:51 UTC" name="setupUiTests" finished-at="2024-02-21T20:01:51 UTC" duration-ms="73" status="PASS">
          <reporter-output>
          </reporter-output>
        </test-method> <!-- setupUiTests -->
        <test-method is-config="true" signature="beforeTest()[pri:0, instance:com.github.dtitar.teamcity.ui.CreateNewProjectTest@6dd91637]" started-at="2024-02-21T20:01:51 UTC" name="beforeTest" finished-at="2024-02-21T20:01:52 UTC" duration-ms="483" status="PASS">
          <reporter-output>
          </reporter-output>
        </test-method> <!-- beforeTest -->
        <test-method is-config="true" signature="beforeUiTest()[pri:0, instance:com.github.dtitar.teamcity.ui.CreateNewProjectTest@6dd91637]" started-at="2024-02-21T20:01:52 UTC" name="beforeUiTest" finished-at="2024-02-21T20:01:52 UTC" duration-ms="5" status="PASS">
          <reporter-output>
          </reporter-output>
        </test-method> <!-- beforeUiTest -->
        <test-method signature="authorizedUserShouldBeAbleCreateProjectFromRepositoryUrl()[pri:0, instance:com.github.dtitar.teamcity.ui.CreateNewProjectTest@6dd91637]" started-at="2024-02-21T20:01:52 UTC" name="authorizedUserShouldBeAbleCreateProjectFromRepositoryUrl" finished-at="2024-02-21T20:02:29 UTC" duration-ms="36750" status="FAIL">
          <exception class="java.util.NoSuchElementException">
            <message>
              <![CDATA[No value present]]>
            </message>
            <full-stacktrace>
              <![CDATA[java.util.NoSuchElementException: No value present
at java.base/java.util.Optional.get(Optional.java:143)
at com.github.dtitar.teamcity.ui.pages.ProjectsPage.checkProjectExist(ProjectsPage.java:33)
at com.github.dtitar.teamcity.ui.CreateNewProjectTest.authorizedUserShouldBeAbleCreateProjectFromRepositoryUrl(CreateNewProjectTest.java:38)
at java.base/jdk.internal.reflect.NativeMethodAccessorImpl.invoke0(Native Method)
at java.base/jdk.internal.reflect.NativeMethodAccessorImpl.invoke(NativeMethodAccessorImpl.java:77)
at java.base/jdk.internal.reflect.DelegatingMethodAccessorImpl.invoke(DelegatingMethodAccessorImpl.java:43)
at java.base/java.lang.reflect.Method.invoke(Method.java:568)
at org.testng.internal.invokers.MethodInvocationHelper.invokeMethod(MethodInvocationHelper.java:139)
at org.testng.internal.invokers.TestInvoker.invokeMethod(TestInvoker.java:677)
at org.testng.internal.invokers.TestInvoker.invokeTestMethod(TestInvoker.java:221)
at org.testng.internal.invokers.MethodRunner.runInSequence(MethodRunner.java:50)
at org.testng.internal.invokers.TestInvoker$MethodInvocationAgent.invoke(TestInvoker.java:969)
at org.testng.internal.invokers.TestInvoker.invokeTestMethods(TestInvoker.java:194)
at org.testng.internal.invokers.TestMethodWorker.invokeTestMethods(TestMethodWorker.java:148)
at org.testng.internal.invokers.TestMethodWorker.run(TestMethodWorker.java:128)
at java.base/java.util.ArrayList.forEach(ArrayList.java:1511)
at org.testng.TestRunner.privateRun(TestRunner.java:829)
at org.testng.TestRunner.run(TestRunner.java:602)
at org.testng.SuiteRunner.runTest(SuiteRunner.java:437)
at org.testng.SuiteRunner.runSequentially(SuiteRunner.java:431)
at org.testng.SuiteRunner.privateRun(SuiteRunner.java:391)
at org.testng.SuiteRunner.run(SuiteRunner.java:330)
at org.testng.SuiteRunnerWorker.runSuite(SuiteRunnerWorker.java:52)
at org.testng.SuiteRunnerWorker.run(SuiteRunnerWorker.java:95)
at org.testng.TestNG.runSuitesSequentially(TestNG.java:1256)
at org.testng.TestNG.runSuitesLocally(TestNG.java:1176)
at org.testng.TestNG.runSuites(TestNG.java:1099)
at org.testng.TestNG.run(TestNG.java:1067)
at org.apache.maven.surefire.testng.TestNGExecutor.run(TestNGExecutor.java:308)
at org.apache.maven.surefire.testng.TestNGXmlTestSuite.execute(TestNGXmlTestSuite.java:71)
at org.apache.maven.surefire.testng.TestNGProvider.invoke(TestNGProvider.java:113)
at org.apache.maven.surefire.booter.ForkedBooter.runSuitesInProcess(ForkedBooter.java:385)
at org.apache.maven.surefire.booter.ForkedBooter.execute(ForkedBooter.java:162)
at org.apache.maven.surefire.booter.ForkedBooter.run(ForkedBooter.java:507)
at org.apache.maven.surefire.booter.ForkedBooter.main(ForkedBooter.java:495)
]]>
            </full-stacktrace>
          </exception> <!-- java.util.NoSuchElementException -->
          <reporter-output>
          </reporter-output>
        </test-method> <!-- authorizedUserShouldBeAbleCreateProjectFromRepositoryUrl -->
        <test-method is-config="true" signature="afterTest()[pri:0, instance:com.github.dtitar.teamcity.ui.CreateNewProjectTest@6dd91637]" started-at="2024-02-21T20:02:40 UTC" name="afterTest" finished-at="2024-02-21T20:02:40 UTC" duration-ms="158" status="PASS">
          <reporter-output>
          </reporter-output>
        </test-method> <!-- afterTest -->
        <test-method is-config="true" signature="beforeTest()[pri:0, instance:com.github.dtitar.teamcity.ui.CreateNewProjectTest@6dd91637]" started-at="2024-02-21T20:02:40 UTC" name="beforeTest" finished-at="2024-02-21T20:02:40 UTC" duration-ms="1" status="PASS">
          <reporter-output>
          </reporter-output>
        </test-method> <!-- beforeTest -->
        <test-method is-config="true" signature="beforeUiTest()[pri:0, instance:com.github.dtitar.teamcity.ui.CreateNewProjectTest@6dd91637]" started-at="2024-02-21T20:02:40 UTC" name="beforeUiTest" finished-at="2024-02-21T20:02:40 UTC" duration-ms="0" status="PASS">
          <reporter-output>
          </reporter-output>
        </test-method> <!-- beforeUiTest -->
        <test-method signature="authorizedUserShouldBeAbleCreateProjectManually()[pri:0, instance:com.github.dtitar.teamcity.ui.CreateNewProjectTest@6dd91637]" started-at="2024-02-21T20:02:40 UTC" name="authorizedUserShouldBeAbleCreateProjectManually" finished-at="2024-02-21T20:02:45 UTC" duration-ms="5460" status="FAIL">
          <exception class="java.util.NoSuchElementException">
            <message>
              <![CDATA[No value present]]>
            </message>
            <full-stacktrace>
              <![CDATA[java.util.NoSuchElementException: No value present
at java.base/java.util.Optional.get(Optional.java:143)
at com.github.dtitar.teamcity.ui.pages.ProjectsPage.checkProjectExist(ProjectsPage.java:33)
at com.github.dtitar.teamcity.ui.CreateNewProjectTest.authorizedUserShouldBeAbleCreateProjectManually(CreateNewProjectTest.java:71)
at java.base/jdk.internal.reflect.NativeMethodAccessorImpl.invoke0(Native Method)
at java.base/jdk.internal.reflect.NativeMethodAccessorImpl.invoke(NativeMethodAccessorImpl.java:77)
at java.base/jdk.internal.reflect.DelegatingMethodAccessorImpl.invoke(DelegatingMethodAccessorImpl.java:43)
at java.base/java.lang.reflect.Method.invoke(Method.java:568)
at org.testng.internal.invokers.MethodInvocationHelper.invokeMethod(MethodInvocationHelper.java:139)
at org.testng.internal.invokers.TestInvoker.invokeMethod(TestInvoker.java:677)
at org.testng.internal.invokers.TestInvoker.invokeTestMethod(TestInvoker.java:221)
at org.testng.internal.invokers.MethodRunner.runInSequence(MethodRunner.java:50)
at org.testng.internal.invokers.TestInvoker$MethodInvocationAgent.invoke(TestInvoker.java:969)
at org.testng.internal.invokers.TestInvoker.invokeTestMethods(TestInvoker.java:194)
at org.testng.internal.invokers.TestMethodWorker.invokeTestMethods(TestMethodWorker.java:148)
at org.testng.internal.invokers.TestMethodWorker.run(TestMethodWorker.java:128)
at java.base/java.util.ArrayList.forEach(ArrayList.java:1511)
at org.testng.TestRunner.privateRun(TestRunner.java:829)
at org.testng.TestRunner.run(TestRunner.java:602)
at org.testng.SuiteRunner.runTest(SuiteRunner.java:437)
at org.testng.SuiteRunner.runSequentially(SuiteRunner.java:431)
at org.testng.SuiteRunner.privateRun(SuiteRunner.java:391)
at org.testng.SuiteRunner.run(SuiteRunner.java:330)
at org.testng.SuiteRunnerWorker.runSuite(SuiteRunnerWorker.java:52)
at org.testng.SuiteRunnerWorker.run(SuiteRunnerWorker.java:95)
at org.testng.TestNG.runSuitesSequentially(TestNG.java:1256)
at org.testng.TestNG.runSuitesLocally(TestNG.java:1176)
at org.testng.TestNG.runSuites(TestNG.java:1099)
at org.testng.TestNG.run(TestNG.java:1067)
at org.apache.maven.surefire.testng.TestNGExecutor.run(TestNGExecutor.java:308)
at org.apache.maven.surefire.testng.TestNGXmlTestSuite.execute(TestNGXmlTestSuite.java:71)
at org.apache.maven.surefire.testng.TestNGProvider.invoke(TestNGProvider.java:113)
at org.apache.maven.surefire.booter.ForkedBooter.runSuitesInProcess(ForkedBooter.java:385)
at org.apache.maven.surefire.booter.ForkedBooter.execute(ForkedBooter.java:162)
at org.apache.maven.surefire.booter.ForkedBooter.run(ForkedBooter.java:507)
at org.apache.maven.surefire.booter.ForkedBooter.main(ForkedBooter.java:495)
]]>
            </full-stacktrace>
          </exception> <!-- java.util.NoSuchElementException -->
          <reporter-output>
          </reporter-output>
        </test-method> <!-- authorizedUserShouldBeAbleCreateProjectManually -->
        <test-method is-config="true" signature="afterTest()[pri:0, instance:com.github.dtitar.teamcity.ui.CreateNewProjectTest@6dd91637]" started-at="2024-02-21T20:02:56 UTC" name="afterTest" finished-at="2024-02-21T20:02:57 UTC" duration-ms="142" status="PASS">
          <reporter-output>
          </reporter-output>
        </test-method> <!-- afterTest -->
      </class> <!-- com.github.dtitar.teamcity.ui.CreateNewProjectTest -->
    </test> <!-- UI Test -->
  </suite> <!-- UI Suite -->
</testng-results>
